2023.01.08 18:32:34 INFO  tracing is disabled for protocol LSP, to enable tracing of incoming and outgoing JSON messages create an empty file at c:\Users\kenne\Downloads\Programming\Java\Java-Basic-Tutorials\.metals\lsp.trace.json or C:\Users\kenne\AppData\Local\scalameta\metals\cache\lsp.trace.json[0m
2023.01.08 18:32:35 INFO  logging to file C:\Users\kenne\Downloads\Programming\Java\Java-Basic-Tutorials\.metals\metals.log[0m
2023.01.08 18:32:35 INFO  Started: Metals version 0.11.10 in workspace 'C:\Users\kenne\Downloads\Programming\Java\Java-Basic-Tutorials' for client Visual Studio Code 1.74.2.[0m
SLF4J: No SLF4J providers were found.
SLF4J: Defaulting to no-operation (NOP) logger implementation
SLF4J: See https://www.slf4j.org/codes.html#noProviders for further details.
SLF4J: Class path contains SLF4J bindings targeting slf4j-api versions 1.7.x or earlier.
SLF4J: Ignoring binding found at [jar:file:/C:/Users/kenne/AppData/Local/Coursier/cache/v1/https/repo1.maven.org/maven2/com/outr/scribe-slf4j_2.13/3.10.5/scribe-slf4j_2.13-3.10.5.jar!/org/slf4j/impl/StaticLoggerBinder.class]
SLF4J: See https://www.slf4j.org/codes.html#ignoredBindings for an explanation.
2023.01.08 18:32:37 INFO  time: initialize in 1.35s[0m
2023.01.08 18:32:38 WARN  Build server is not auto-connectable.[0m
2023.01.08 18:32:38 WARN  no build tool detected in workspace 'C:\Users\kenne\Downloads\Programming\Java\Java-Basic-Tutorials'. The most common cause for this problem is that the editor was opened in the wrong working directory, for example if you use sbt then the workspace directory should contain build.sbt. [0m
2023.01.08 18:32:38 WARN  no build target for: C:\Users\kenne\Downloads\Programming\Java\Java-Basic-Tutorials\src\school\management\system\Main.java[0m
2023.01.08 18:32:39 ERROR text document: file:///C:/Users/kenne/Downloads/Programming/Java/Java-Basic-Tutorials/src/school/management/system/Main.javajava.nio.file.InvalidPathException: Illegal char <:> at index 4: file:///C:/Users/kenne/Downloads/Programming/Java/Java-Basic-Tutorials/src/school/management/system/Main.java
	at sun.nio.fs.WindowsPathParser.normalize(WindowsPathParser.java:182)
	at sun.nio.fs.WindowsPathParser.parse(WindowsPathParser.java:153)
	at sun.nio.fs.WindowsPathParser.parse(WindowsPathParser.java:77)
	at sun.nio.fs.WindowsPath.parse(WindowsPath.java:92)
	at sun.nio.fs.WindowsFileSystem.getPath(WindowsFileSystem.java:232)
	at java.nio.file.Path.resolve(Path.java:515)
	at scala.meta.io.AbsolutePath.resolve(AbsolutePath.scala:43)
	at scala.meta.internal.implementation.ImplementationProvider.$anonfun$computeInheritance$2(ImplementationProvider.scala:85)
	at scala.collection.immutable.Vector.foreach(Vector.scala:1895)
	at scala.meta.internal.implementation.ImplementationProvider.$anonfun$computeInheritance$1(ImplementationProvider.scala:79)
	at scala.meta.internal.implementation.ImplementationProvider.$anonfun$computeInheritance$1$adapted(ImplementationProvider.scala:78)
	at scala.collection.immutable.List.foreach(List.scala:333)
	at scala.meta.internal.implementation.ImplementationProvider.computeInheritance(ImplementationProvider.scala:78)
	at scala.meta.internal.implementation.ImplementationProvider.$anonfun$onChange$1(ImplementationProvider.scala:68)
	at java.util.concurrent.ConcurrentHashMap.compute(ConcurrentHashMap.java:1916)
	at scala.meta.internal.implementation.ImplementationProvider.onChange(ImplementationProvider.scala:68)
	at scala.meta.internal.metals.SemanticdbIndexer.$anonfun$onChange$1(SemanticdbIndexer.scala:81)
	at scala.meta.internal.metals.SemanticdbIndexer.$anonfun$onChange$1$adapted(SemanticdbIndexer.scala:81)
	at scala.collection.immutable.List.foreach(List.scala:333)
	at scala.meta.internal.metals.SemanticdbIndexer.onChange(SemanticdbIndexer.scala:81)
	at scala.meta.internal.metals.SemanticdbIndexer.onChange(SemanticdbIndexer.scala:77)
	at scala.meta.internal.metals.InteractiveSemanticdbs.$anonfun$textDocument$1(InteractiveSemanticdbs.scala:96)
	at java.util.HashMap.compute(HashMap.java:1316)
	at java.util.Collections$SynchronizedMap.compute(Collections.java:2770)
	at scala.meta.internal.metals.InteractiveSemanticdbs.textDocument(InteractiveSemanticdbs.scala:89)
	at scala.meta.internal.metals.InteractiveSemanticdbs.textDocument(InteractiveSemanticdbs.scala:63)
	at scala.meta.internal.metals.AggregateSemanticdbs.loop$1(AggregateSemanticdbs.scala:30)
	at scala.meta.internal.metals.AggregateSemanticdbs.textDocument(AggregateSemanticdbs.scala:36)
	at scala.meta.internal.metals.CodeLensProvider.findLenses(CodeLensProvider.scala:22)
	at scala.meta.internal.metals.MetalsLanguageServer.$anonfun$codeLens$2(MetalsLanguageServer.scala:1793)
	at scala.meta.internal.metals.TimerProvider.timedThunk(TimerProvider.scala:25)
	at scala.meta.internal.metals.MetalsLanguageServer.$anonfun$codeLens$1(MetalsLanguageServer.scala:1791)
	at scala.meta.internal.metals.CancelTokens$.$anonfun$apply$2(CancelTokens.scala:26)
	at scala.concurrent.Future$.$anonfun$apply$1(Future.scala:678)
	at scala.concurrent.impl.Promise$Transformation.run(Promise.scala:467)
	at java.util.concurrent.ThreadPoolExecutor.runWorker(ThreadPoolExecutor.java:1136)
	at java.util.concurrent.ThreadPoolExecutor$Worker.run(ThreadPoolExecutor.java:635)
	at java.lang.Thread.run(Thread.java:833)
[0m
2023.01.08 18:32:50 ERROR text document: file:///C:/Users/kenne/Downloads/Programming/Java/Java-Basic-Tutorials/src/school/management/system/Main.javajava.nio.file.InvalidPathException: Illegal char <:> at index 4: file:///C:/Users/kenne/Downloads/Programming/Java/Java-Basic-Tutorials/src/school/management/system/Main.java
	at sun.nio.fs.WindowsPathParser.normalize(WindowsPathParser.java:182)
	at sun.nio.fs.WindowsPathParser.parse(WindowsPathParser.java:153)
	at sun.nio.fs.WindowsPathParser.parse(WindowsPathParser.java:77)
	at sun.nio.fs.WindowsPath.parse(WindowsPath.java:92)
	at sun.nio.fs.WindowsFileSystem.getPath(WindowsFileSystem.java:232)
	at java.nio.file.Path.resolve(Path.java:515)
	at scala.meta.io.AbsolutePath.resolve(AbsolutePath.scala:43)
	at scala.meta.internal.implementation.ImplementationProvider.$anonfun$computeInheritance$2(ImplementationProvider.scala:85)
	at scala.collection.immutable.Vector.foreach(Vector.scala:1895)
	at scala.meta.internal.implementation.ImplementationProvider.$anonfun$computeInheritance$1(ImplementationProvider.scala:79)
	at scala.meta.internal.implementation.ImplementationProvider.$anonfun$computeInheritance$1$adapted(ImplementationProvider.scala:78)
	at scala.collection.immutable.List.foreach(List.scala:333)
	at scala.meta.internal.implementation.ImplementationProvider.computeInheritance(ImplementationProvider.scala:78)
	at scala.meta.internal.implementation.ImplementationProvider.$anonfun$onChange$1(ImplementationProvider.scala:68)
	at java.util.concurrent.ConcurrentHashMap.compute(ConcurrentHashMap.java:1916)
	at scala.meta.internal.implementation.ImplementationProvider.onChange(ImplementationProvider.scala:68)
	at scala.meta.internal.metals.SemanticdbIndexer.$anonfun$onChange$1(SemanticdbIndexer.scala:81)
	at scala.meta.internal.metals.SemanticdbIndexer.$anonfun$onChange$1$adapted(SemanticdbIndexer.scala:81)
	at scala.collection.immutable.List.foreach(List.scala:333)
	at scala.meta.internal.metals.SemanticdbIndexer.onChange(SemanticdbIndexer.scala:81)
	at scala.meta.internal.metals.SemanticdbIndexer.onChange(SemanticdbIndexer.scala:77)
	at scala.meta.internal.metals.InteractiveSemanticdbs.$anonfun$textDocument$1(InteractiveSemanticdbs.scala:96)
	at java.util.HashMap.compute(HashMap.java:1316)
	at java.util.Collections$SynchronizedMap.compute(Collections.java:2770)
	at scala.meta.internal.metals.InteractiveSemanticdbs.textDocument(InteractiveSemanticdbs.scala:89)
	at scala.meta.internal.metals.InteractiveSemanticdbs.textDocument(InteractiveSemanticdbs.scala:63)
	at scala.meta.internal.metals.AggregateSemanticdbs.loop$1(AggregateSemanticdbs.scala:30)
	at scala.meta.internal.metals.AggregateSemanticdbs.textDocument(AggregateSemanticdbs.scala:36)
	at scala.meta.internal.metals.JavaDocumentHighlightProvider.documentHighlight(JavaDocumentHighlightProvider.scala:19)
	at scala.meta.internal.metals.MetalsLanguageServer.$anonfun$documentHighlights$1(MetalsLanguageServer.scala:1577)
	at scala.meta.internal.metals.CancelTokens$.$anonfun$apply$2(CancelTokens.scala:26)
	at scala.concurrent.Future$.$anonfun$apply$1(Future.scala:678)
	at scala.concurrent.impl.Promise$Transformation.run(Promise.scala:467)
	at java.util.concurrent.ThreadPoolExecutor.runWorker(ThreadPoolExecutor.java:1136)
	at java.util.concurrent.ThreadPoolExecutor$Worker.run(ThreadPoolExecutor.java:635)
	at java.lang.Thread.run(Thread.java:833)
[0m
2023.01.08 18:32:52 ERROR text document: file:///C:/Users/kenne/Downloads/Programming/Java/Java-Basic-Tutorials/src/school/management/system/Main.javajava.nio.file.InvalidPathException: Illegal char <:> at index 4: file:///C:/Users/kenne/Downloads/Programming/Java/Java-Basic-Tutorials/src/school/management/system/Main.java
	at sun.nio.fs.WindowsPathParser.normalize(WindowsPathParser.java:182)
	at sun.nio.fs.WindowsPathParser.parse(WindowsPathParser.java:153)
	at sun.nio.fs.WindowsPathParser.parse(WindowsPathParser.java:77)
	at sun.nio.fs.WindowsPath.parse(WindowsPath.java:92)
	at sun.nio.fs.WindowsFileSystem.getPath(WindowsFileSystem.java:232)
	at java.nio.file.Path.resolve(Path.java:515)
	at scala.meta.io.AbsolutePath.resolve(AbsolutePath.scala:43)
	at scala.meta.internal.implementation.ImplementationProvider.$anonfun$computeInheritance$2(ImplementationProvider.scala:85)
	at scala.collection.immutable.Vector.foreach(Vector.scala:1895)
	at scala.meta.internal.implementation.ImplementationProvider.$anonfun$computeInheritance$1(ImplementationProvider.scala:79)
	at scala.meta.internal.implementation.ImplementationProvider.$anonfun$computeInheritance$1$adapted(ImplementationProvider.scala:78)
	at scala.collection.immutable.List.foreach(List.scala:333)
	at scala.meta.internal.implementation.ImplementationProvider.computeInheritance(ImplementationProvider.scala:78)
	at scala.meta.internal.implementation.ImplementationProvider.$anonfun$onChange$1(ImplementationProvider.scala:68)
	at java.util.concurrent.ConcurrentHashMap.compute(ConcurrentHashMap.java:1916)
	at scala.meta.internal.implementation.ImplementationProvider.onChange(ImplementationProvider.scala:68)
	at scala.meta.internal.metals.SemanticdbIndexer.$anonfun$onChange$1(SemanticdbIndexer.scala:81)
	at scala.meta.internal.metals.SemanticdbIndexer.$anonfun$onChange$1$adapted(SemanticdbIndexer.scala:81)
	at scala.collection.immutable.List.foreach(List.scala:333)
	at scala.meta.internal.metals.SemanticdbIndexer.onChange(SemanticdbIndexer.scala:81)
	at scala.meta.internal.metals.SemanticdbIndexer.onChange(SemanticdbIndexer.scala:77)
	at scala.meta.internal.metals.InteractiveSemanticdbs.$anonfun$textDocument$1(InteractiveSemanticdbs.scala:96)
	at java.util.HashMap.compute(HashMap.java:1316)
	at java.util.Collections$SynchronizedMap.compute(Collections.java:2770)
	at scala.meta.internal.metals.InteractiveSemanticdbs.textDocument(InteractiveSemanticdbs.scala:89)
	at scala.meta.internal.metals.InteractiveSemanticdbs.textDocument(InteractiveSemanticdbs.scala:63)
	at scala.meta.internal.metals.AggregateSemanticdbs.loop$1(AggregateSemanticdbs.scala:30)
	at scala.meta.internal.metals.AggregateSemanticdbs.textDocument(AggregateSemanticdbs.scala:36)
	at scala.meta.internal.metals.CodeLensProvider.findLenses(CodeLensProvider.scala:22)
	at scala.meta.internal.metals.MetalsLanguageServer.$anonfun$codeLens$2(MetalsLanguageServer.scala:1793)
	at scala.meta.internal.metals.TimerProvider.timedThunk(TimerProvider.scala:25)
	at scala.meta.internal.metals.MetalsLanguageServer.$anonfun$codeLens$1(MetalsLanguageServer.scala:1791)
	at scala.meta.internal.metals.CancelTokens$.$anonfun$apply$2(CancelTokens.scala:26)
	at scala.concurrent.Future$.$anonfun$apply$1(Future.scala:678)
	at scala.concurrent.impl.Promise$Transformation.run(Promise.scala:467)
	at java.util.concurrent.ThreadPoolExecutor.runWorker(ThreadPoolExecutor.java:1136)
	at java.util.concurrent.ThreadPoolExecutor$Worker.run(ThreadPoolExecutor.java:635)
	at java.lang.Thread.run(Thread.java:833)
[0m
2023.01.08 18:33:15 ERROR text document: file:///C:/Users/kenne/Downloads/Programming/Java/Java-Basic-Tutorials/src/school/management/system/Main.javajava.nio.file.InvalidPathException: Illegal char <:> at index 4: file:///C:/Users/kenne/Downloads/Programming/Java/Java-Basic-Tutorials/src/school/management/system/Main.java
	at sun.nio.fs.WindowsPathParser.normalize(WindowsPathParser.java:182)
	at sun.nio.fs.WindowsPathParser.parse(WindowsPathParser.java:153)
	at sun.nio.fs.WindowsPathParser.parse(WindowsPathParser.java:77)
	at sun.nio.fs.WindowsPath.parse(WindowsPath.java:92)
	at sun.nio.fs.WindowsFileSystem.getPath(WindowsFileSystem.java:232)
	at java.nio.file.Path.resolve(Path.java:515)
	at scala.meta.io.AbsolutePath.resolve(AbsolutePath.scala:43)
	at scala.meta.internal.implementation.ImplementationProvider.$anonfun$computeInheritance$2(ImplementationProvider.scala:85)
	at scala.collection.immutable.Vector.foreach(Vector.scala:1895)
	at scala.meta.internal.implementation.ImplementationProvider.$anonfun$computeInheritance$1(ImplementationProvider.scala:79)
	at scala.meta.internal.implementation.ImplementationProvider.$anonfun$computeInheritance$1$adapted(ImplementationProvider.scala:78)
	at scala.collection.immutable.List.foreach(List.scala:333)
	at scala.meta.internal.implementation.ImplementationProvider.computeInheritance(ImplementationProvider.scala:78)
	at scala.meta.internal.implementation.ImplementationProvider.$anonfun$onChange$1(ImplementationProvider.scala:68)
	at java.util.concurrent.ConcurrentHashMap.compute(ConcurrentHashMap.java:1916)
	at scala.meta.internal.implementation.ImplementationProvider.onChange(ImplementationProvider.scala:68)
	at scala.meta.internal.metals.SemanticdbIndexer.$anonfun$onChange$1(SemanticdbIndexer.scala:81)
	at scala.meta.internal.metals.SemanticdbIndexer.$anonfun$onChange$1$adapted(SemanticdbIndexer.scala:81)
	at scala.collection.immutable.List.foreach(List.scala:333)
	at scala.meta.internal.metals.SemanticdbIndexer.onChange(SemanticdbIndexer.scala:81)
	at scala.meta.internal.metals.SemanticdbIndexer.onChange(SemanticdbIndexer.scala:77)
	at scala.meta.internal.metals.InteractiveSemanticdbs.$anonfun$textDocument$1(InteractiveSemanticdbs.scala:96)
	at java.util.HashMap.compute(HashMap.java:1316)
	at java.util.Collections$SynchronizedMap.compute(Collections.java:2770)
	at scala.meta.internal.metals.InteractiveSemanticdbs.textDocument(InteractiveSemanticdbs.scala:89)
	at scala.meta.internal.metals.InteractiveSemanticdbs.textDocument(InteractiveSemanticdbs.scala:63)
	at scala.meta.internal.metals.AggregateSemanticdbs.loop$1(AggregateSemanticdbs.scala:30)
	at scala.meta.internal.metals.AggregateSemanticdbs.textDocument(AggregateSemanticdbs.scala:36)
	at scala.meta.internal.metals.CodeLensProvider.findLenses(CodeLensProvider.scala:22)
	at scala.meta.internal.metals.MetalsLanguageServer.$anonfun$codeLens$2(MetalsLanguageServer.scala:1793)
	at scala.meta.internal.metals.TimerProvider.timedThunk(TimerProvider.scala:25)
	at scala.meta.internal.metals.MetalsLanguageServer.$anonfun$codeLens$1(MetalsLanguageServer.scala:1791)
	at scala.meta.internal.metals.CancelTokens$.$anonfun$apply$2(CancelTokens.scala:26)
	at scala.concurrent.Future$.$anonfun$apply$1(Future.scala:678)
	at scala.concurrent.impl.Promise$Transformation.run(Promise.scala:467)
	at java.util.concurrent.ThreadPoolExecutor.runWorker(ThreadPoolExecutor.java:1136)
	at java.util.concurrent.ThreadPoolExecutor$Worker.run(ThreadPoolExecutor.java:635)
	at java.lang.Thread.run(Thread.java:833)
[0m
2023.01.08 18:33:39 ERROR text document: file:///C:/Users/kenne/Downloads/Programming/Java/Java-Basic-Tutorials/src/school/management/system/Main.javajava.nio.file.InvalidPathException: Illegal char <:> at index 4: file:///C:/Users/kenne/Downloads/Programming/Java/Java-Basic-Tutorials/src/school/management/system/Main.java
	at sun.nio.fs.WindowsPathParser.normalize(WindowsPathParser.java:182)
	at sun.nio.fs.WindowsPathParser.parse(WindowsPathParser.java:153)
	at sun.nio.fs.WindowsPathParser.parse(WindowsPathParser.java:77)
	at sun.nio.fs.WindowsPath.parse(WindowsPath.java:92)
	at sun.nio.fs.WindowsFileSystem.getPath(WindowsFileSystem.java:232)
	at java.nio.file.Path.resolve(Path.java:515)
	at scala.meta.io.AbsolutePath.resolve(AbsolutePath.scala:43)
	at scala.meta.internal.implementation.ImplementationProvider.$anonfun$computeInheritance$2(ImplementationProvider.scala:85)
	at scala.collection.immutable.Vector.foreach(Vector.scala:1895)
	at scala.meta.internal.implementation.ImplementationProvider.$anonfun$computeInheritance$1(ImplementationProvider.scala:79)
	at scala.meta.internal.implementation.ImplementationProvider.$anonfun$computeInheritance$1$adapted(ImplementationProvider.scala:78)
	at scala.collection.immutable.List.foreach(List.scala:333)
	at scala.meta.internal.implementation.ImplementationProvider.computeInheritance(ImplementationProvider.scala:78)
	at scala.meta.internal.implementation.ImplementationProvider.$anonfun$onChange$1(ImplementationProvider.scala:68)
	at java.util.concurrent.ConcurrentHashMap.compute(ConcurrentHashMap.java:1916)
	at scala.meta.internal.implementation.ImplementationProvider.onChange(ImplementationProvider.scala:68)
	at scala.meta.internal.metals.SemanticdbIndexer.$anonfun$onChange$1(SemanticdbIndexer.scala:81)
	at scala.meta.internal.metals.SemanticdbIndexer.$anonfun$onChange$1$adapted(SemanticdbIndexer.scala:81)
	at scala.collection.immutable.List.foreach(List.scala:333)
	at scala.meta.internal.metals.SemanticdbIndexer.onChange(SemanticdbIndexer.scala:81)
	at scala.meta.internal.metals.SemanticdbIndexer.onChange(SemanticdbIndexer.scala:77)
	at scala.meta.internal.metals.InteractiveSemanticdbs.$anonfun$textDocument$1(InteractiveSemanticdbs.scala:96)
	at java.util.HashMap.compute(HashMap.java:1316)
	at java.util.Collections$SynchronizedMap.compute(Collections.java:2770)
	at scala.meta.internal.metals.InteractiveSemanticdbs.textDocument(InteractiveSemanticdbs.scala:89)
	at scala.meta.internal.metals.InteractiveSemanticdbs.textDocument(InteractiveSemanticdbs.scala:63)
	at scala.meta.internal.metals.AggregateSemanticdbs.loop$1(AggregateSemanticdbs.scala:30)
	at scala.meta.internal.metals.AggregateSemanticdbs.textDocument(AggregateSemanticdbs.scala:36)
	at scala.meta.internal.metals.JavaDocumentHighlightProvider.documentHighlight(JavaDocumentHighlightProvider.scala:19)
	at scala.meta.internal.metals.MetalsLanguageServer.$anonfun$documentHighlights$1(MetalsLanguageServer.scala:1577)
	at scala.meta.internal.metals.CancelTokens$.$anonfun$apply$2(CancelTokens.scala:26)
	at scala.concurrent.Future$.$anonfun$apply$1(Future.scala:678)
	at scala.concurrent.impl.Promise$Transformation.run(Promise.scala:467)
	at java.util.concurrent.ThreadPoolExecutor.runWorker(ThreadPoolExecutor.java:1136)
	at java.util.concurrent.ThreadPoolExecutor$Worker.run(ThreadPoolExecutor.java:635)
	at java.lang.Thread.run(Thread.java:833)
[0m
2023.01.08 18:33:41 ERROR text document: file:///C:/Users/kenne/Downloads/Programming/Java/Java-Basic-Tutorials/src/school/management/system/Main.javajava.nio.file.InvalidPathException: Illegal char <:> at index 4: file:///C:/Users/kenne/Downloads/Programming/Java/Java-Basic-Tutorials/src/school/management/system/Main.java
	at sun.nio.fs.WindowsPathParser.normalize(WindowsPathParser.java:182)
	at sun.nio.fs.WindowsPathParser.parse(WindowsPathParser.java:153)
	at sun.nio.fs.WindowsPathParser.parse(WindowsPathParser.java:77)
	at sun.nio.fs.WindowsPath.parse(WindowsPath.java:92)
	at sun.nio.fs.WindowsFileSystem.getPath(WindowsFileSystem.java:232)
	at java.nio.file.Path.resolve(Path.java:515)
	at scala.meta.io.AbsolutePath.resolve(AbsolutePath.scala:43)
	at scala.meta.internal.implementation.ImplementationProvider.$anonfun$computeInheritance$2(ImplementationProvider.scala:85)
	at scala.collection.immutable.Vector.foreach(Vector.scala:1895)
	at scala.meta.internal.implementation.ImplementationProvider.$anonfun$computeInheritance$1(ImplementationProvider.scala:79)
	at scala.meta.internal.implementation.ImplementationProvider.$anonfun$computeInheritance$1$adapted(ImplementationProvider.scala:78)
	at scala.collection.immutable.List.foreach(List.scala:333)
	at scala.meta.internal.implementation.ImplementationProvider.computeInheritance(ImplementationProvider.scala:78)
	at scala.meta.internal.implementation.ImplementationProvider.$anonfun$onChange$1(ImplementationProvider.scala:68)
	at java.util.concurrent.ConcurrentHashMap.compute(ConcurrentHashMap.java:1916)
	at scala.meta.internal.implementation.ImplementationProvider.onChange(ImplementationProvider.scala:68)
	at scala.meta.internal.metals.SemanticdbIndexer.$anonfun$onChange$1(SemanticdbIndexer.scala:81)
	at scala.meta.internal.metals.SemanticdbIndexer.$anonfun$onChange$1$adapted(SemanticdbIndexer.scala:81)
	at scala.collection.immutable.List.foreach(List.scala:333)
	at scala.meta.internal.metals.SemanticdbIndexer.onChange(SemanticdbIndexer.scala:81)
	at scala.meta.internal.metals.SemanticdbIndexer.onChange(SemanticdbIndexer.scala:77)
	at scala.meta.internal.metals.InteractiveSemanticdbs.$anonfun$textDocument$1(InteractiveSemanticdbs.scala:96)
	at java.util.HashMap.compute(HashMap.java:1316)
	at java.util.Collections$SynchronizedMap.compute(Collections.java:2770)
	at scala.meta.internal.metals.InteractiveSemanticdbs.textDocument(InteractiveSemanticdbs.scala:89)
	at scala.meta.internal.metals.InteractiveSemanticdbs.textDocument(InteractiveSemanticdbs.scala:63)
	at scala.meta.internal.metals.AggregateSemanticdbs.loop$1(AggregateSemanticdbs.scala:30)
	at scala.meta.internal.metals.AggregateSemanticdbs.textDocument(AggregateSemanticdbs.scala:36)
	at scala.meta.internal.metals.CodeLensProvider.findLenses(CodeLensProvider.scala:22)
	at scala.meta.internal.metals.MetalsLanguageServer.$anonfun$codeLens$2(MetalsLanguageServer.scala:1793)
	at scala.meta.internal.metals.TimerProvider.timedThunk(TimerProvider.scala:25)
	at scala.meta.internal.metals.MetalsLanguageServer.$anonfun$codeLens$1(MetalsLanguageServer.scala:1791)
	at scala.meta.internal.metals.CancelTokens$.$anonfun$apply$2(CancelTokens.scala:26)
	at scala.concurrent.Future$.$anonfun$apply$1(Future.scala:678)
	at scala.concurrent.impl.Promise$Transformation.run(Promise.scala:467)
	at java.util.concurrent.ThreadPoolExecutor.runWorker(ThreadPoolExecutor.java:1136)
	at java.util.concurrent.ThreadPoolExecutor$Worker.run(ThreadPoolExecutor.java:635)
	at java.lang.Thread.run(Thread.java:833)
[0m
2023.01.08 18:33:49 ERROR text document: file:///C:/Users/kenne/Downloads/Programming/Java/Java-Basic-Tutorials/src/school/management/system/Main.javajava.nio.file.InvalidPathException: Illegal char <:> at index 4: file:///C:/Users/kenne/Downloads/Programming/Java/Java-Basic-Tutorials/src/school/management/system/Main.java
	at sun.nio.fs.WindowsPathParser.normalize(WindowsPathParser.java:182)
	at sun.nio.fs.WindowsPathParser.parse(WindowsPathParser.java:153)
	at sun.nio.fs.WindowsPathParser.parse(WindowsPathParser.java:77)
	at sun.nio.fs.WindowsPath.parse(WindowsPath.java:92)
	at sun.nio.fs.WindowsFileSystem.getPath(WindowsFileSystem.java:232)
	at java.nio.file.Path.resolve(Path.java:515)
	at scala.meta.io.AbsolutePath.resolve(AbsolutePath.scala:43)
	at scala.meta.internal.implementation.ImplementationProvider.$anonfun$computeInheritance$2(ImplementationProvider.scala:85)
	at scala.collection.immutable.Vector.foreach(Vector.scala:1895)
	at scala.meta.internal.implementation.ImplementationProvider.$anonfun$computeInheritance$1(ImplementationProvider.scala:79)
	at scala.meta.internal.implementation.ImplementationProvider.$anonfun$computeInheritance$1$adapted(ImplementationProvider.scala:78)
	at scala.collection.immutable.List.foreach(List.scala:333)
	at scala.meta.internal.implementation.ImplementationProvider.computeInheritance(ImplementationProvider.scala:78)
	at scala.meta.internal.implementation.ImplementationProvider.$anonfun$onChange$1(ImplementationProvider.scala:68)
	at java.util.concurrent.ConcurrentHashMap.compute(ConcurrentHashMap.java:1916)
	at scala.meta.internal.implementation.ImplementationProvider.onChange(ImplementationProvider.scala:68)
	at scala.meta.internal.metals.SemanticdbIndexer.$anonfun$onChange$1(SemanticdbIndexer.scala:81)
	at scala.meta.internal.metals.SemanticdbIndexer.$anonfun$onChange$1$adapted(SemanticdbIndexer.scala:81)
	at scala.collection.immutable.List.foreach(List.scala:333)
	at scala.meta.internal.metals.SemanticdbIndexer.onChange(SemanticdbIndexer.scala:81)
	at scala.meta.internal.metals.SemanticdbIndexer.onChange(SemanticdbIndexer.scala:77)
	at scala.meta.internal.metals.InteractiveSemanticdbs.$anonfun$textDocument$1(InteractiveSemanticdbs.scala:96)
	at java.util.HashMap.compute(HashMap.java:1316)
	at java.util.Collections$SynchronizedMap.compute(Collections.java:2770)
	at scala.meta.internal.metals.InteractiveSemanticdbs.textDocument(InteractiveSemanticdbs.scala:89)
	at scala.meta.internal.metals.InteractiveSemanticdbs.textDocument(InteractiveSemanticdbs.scala:63)
	at scala.meta.internal.metals.AggregateSemanticdbs.loop$1(AggregateSemanticdbs.scala:30)
	at scala.meta.internal.metals.AggregateSemanticdbs.textDocument(AggregateSemanticdbs.scala:36)
	at scala.meta.internal.metals.CodeLensProvider.findLenses(CodeLensProvider.scala:22)
	at scala.meta.internal.metals.MetalsLanguageServer.$anonfun$codeLens$2(MetalsLanguageServer.scala:1793)
	at scala.meta.internal.metals.TimerProvider.timedThunk(TimerProvider.scala:25)
	at scala.meta.internal.metals.MetalsLanguageServer.$anonfun$codeLens$1(MetalsLanguageServer.scala:1791)
	at scala.meta.internal.metals.CancelTokens$.$anonfun$apply$2(CancelTokens.scala:26)
	at scala.concurrent.Future$.$anonfun$apply$1(Future.scala:678)
	at scala.concurrent.impl.Promise$Transformation.run(Promise.scala:467)
	at java.util.concurrent.ThreadPoolExecutor.runWorker(ThreadPoolExecutor.java:1136)
	at java.util.concurrent.ThreadPoolExecutor$Worker.run(ThreadPoolExecutor.java:635)
	at java.lang.Thread.run(Thread.java:833)
[0m
2023.01.08 18:33:51 ERROR text document: file:///C:/Users/kenne/Downloads/Programming/Java/Java-Basic-Tutorials/src/school/management/system/Main.javajava.nio.file.InvalidPathException: Illegal char <:> at index 4: file:///C:/Users/kenne/Downloads/Programming/Java/Java-Basic-Tutorials/src/school/management/system/Main.java
	at sun.nio.fs.WindowsPathParser.normalize(WindowsPathParser.java:182)
	at sun.nio.fs.WindowsPathParser.parse(WindowsPathParser.java:153)
	at sun.nio.fs.WindowsPathParser.parse(WindowsPathParser.java:77)
	at sun.nio.fs.WindowsPath.parse(WindowsPath.java:92)
	at sun.nio.fs.WindowsFileSystem.getPath(WindowsFileSystem.java:232)
	at java.nio.file.Path.resolve(Path.java:515)
	at scala.meta.io.AbsolutePath.resolve(AbsolutePath.scala:43)
	at scala.meta.internal.implementation.ImplementationProvider.$anonfun$computeInheritance$2(ImplementationProvider.scala:85)
	at scala.collection.immutable.Vector.foreach(Vector.scala:1895)
	at scala.meta.internal.implementation.ImplementationProvider.$anonfun$computeInheritance$1(ImplementationProvider.scala:79)
	at scala.meta.internal.implementation.ImplementationProvider.$anonfun$computeInheritance$1$adapted(ImplementationProvider.scala:78)
	at scala.collection.immutable.List.foreach(List.scala:333)
	at scala.meta.internal.implementation.ImplementationProvider.computeInheritance(ImplementationProvider.scala:78)
	at scala.meta.internal.implementation.ImplementationProvider.$anonfun$onChange$1(ImplementationProvider.scala:68)
	at java.util.concurrent.ConcurrentHashMap.compute(ConcurrentHashMap.java:1916)
	at scala.meta.internal.implementation.ImplementationProvider.onChange(ImplementationProvider.scala:68)
	at scala.meta.internal.metals.SemanticdbIndexer.$anonfun$onChange$1(SemanticdbIndexer.scala:81)
	at scala.meta.internal.metals.SemanticdbIndexer.$anonfun$onChange$1$adapted(SemanticdbIndexer.scala:81)
	at scala.collection.immutable.List.foreach(List.scala:333)
	at scala.meta.internal.metals.SemanticdbIndexer.onChange(SemanticdbIndexer.scala:81)
	at scala.meta.internal.metals.SemanticdbIndexer.onChange(SemanticdbIndexer.scala:77)
	at scala.meta.internal.metals.InteractiveSemanticdbs.$anonfun$textDocument$1(InteractiveSemanticdbs.scala:96)
	at java.util.HashMap.compute(HashMap.java:1316)
	at java.util.Collections$SynchronizedMap.compute(Collections.java:2770)
	at scala.meta.internal.metals.InteractiveSemanticdbs.textDocument(InteractiveSemanticdbs.scala:89)
	at scala.meta.internal.metals.InteractiveSemanticdbs.textDocument(InteractiveSemanticdbs.scala:63)
	at scala.meta.internal.metals.AggregateSemanticdbs.loop$1(AggregateSemanticdbs.scala:30)
	at scala.meta.internal.metals.AggregateSemanticdbs.textDocument(AggregateSemanticdbs.scala:36)
	at scala.meta.internal.metals.CodeLensProvider.findLenses(CodeLensProvider.scala:22)
	at scala.meta.internal.metals.MetalsLanguageServer.$anonfun$codeLens$2(MetalsLanguageServer.scala:1793)
	at scala.meta.internal.metals.TimerProvider.timedThunk(TimerProvider.scala:25)
	at scala.meta.internal.metals.MetalsLanguageServer.$anonfun$codeLens$1(MetalsLanguageServer.scala:1791)
	at scala.meta.internal.metals.CancelTokens$.$anonfun$apply$2(CancelTokens.scala:26)
	at scala.concurrent.Future$.$anonfun$apply$1(Future.scala:678)
	at scala.concurrent.impl.Promise$Transformation.run(Promise.scala:467)
	at java.util.concurrent.ThreadPoolExecutor.runWorker(ThreadPoolExecutor.java:1136)
	at java.util.concurrent.ThreadPoolExecutor$Worker.run(ThreadPoolExecutor.java:635)
	at java.lang.Thread.run(Thread.java:833)
[0m
2023.01.08 18:33:54 WARN  no build target for: C:\Users\kenne\Downloads\Programming\Java\Java-Basic-Tutorials\src\school\management\system\Main.java[0m
2023.01.08 18:33:54 ERROR text document: file:///C:/Users/kenne/Downloads/Programming/Java/Java-Basic-Tutorials/src/school/management/system/Main.javajava.nio.file.InvalidPathException: Illegal char <:> at index 4: file:///C:/Users/kenne/Downloads/Programming/Java/Java-Basic-Tutorials/src/school/management/system/Main.java
	at sun.nio.fs.WindowsPathParser.normalize(WindowsPathParser.java:182)
	at sun.nio.fs.WindowsPathParser.parse(WindowsPathParser.java:153)
	at sun.nio.fs.WindowsPathParser.parse(WindowsPathParser.java:77)
	at sun.nio.fs.WindowsPath.parse(WindowsPath.java:92)
	at sun.nio.fs.WindowsFileSystem.getPath(WindowsFileSystem.java:232)
	at java.nio.file.Path.resolve(Path.java:515)
	at scala.meta.io.AbsolutePath.resolve(AbsolutePath.scala:43)
	at scala.meta.internal.implementation.ImplementationProvider.$anonfun$computeInheritance$2(ImplementationProvider.scala:85)
	at scala.collection.immutable.Vector.foreach(Vector.scala:1895)
	at scala.meta.internal.implementation.ImplementationProvider.$anonfun$computeInheritance$1(ImplementationProvider.scala:79)
	at scala.meta.internal.implementation.ImplementationProvider.$anonfun$computeInheritance$1$adapted(ImplementationProvider.scala:78)
	at scala.collection.immutable.List.foreach(List.scala:333)
	at scala.meta.internal.implementation.ImplementationProvider.computeInheritance(ImplementationProvider.scala:78)
	at scala.meta.internal.implementation.ImplementationProvider.$anonfun$onChange$1(ImplementationProvider.scala:68)
	at java.util.concurrent.ConcurrentHashMap.compute(ConcurrentHashMap.java:1916)
	at scala.meta.internal.implementation.ImplementationProvider.onChange(ImplementationProvider.scala:68)
	at scala.meta.internal.metals.SemanticdbIndexer.$anonfun$onChange$1(SemanticdbIndexer.scala:81)
	at scala.meta.internal.metals.SemanticdbIndexer.$anonfun$onChange$1$adapted(SemanticdbIndexer.scala:81)
	at scala.collection.immutable.List.foreach(List.scala:333)
	at scala.meta.internal.metals.SemanticdbIndexer.onChange(SemanticdbIndexer.scala:81)
	at scala.meta.internal.metals.SemanticdbIndexer.onChange(SemanticdbIndexer.scala:77)
	at scala.meta.internal.metals.InteractiveSemanticdbs.$anonfun$textDocument$1(InteractiveSemanticdbs.scala:96)
	at java.util.HashMap.compute(HashMap.java:1316)
	at java.util.Collections$SynchronizedMap.compute(Collections.java:2770)
	at scala.meta.internal.metals.InteractiveSemanticdbs.textDocument(InteractiveSemanticdbs.scala:89)
	at scala.meta.internal.metals.InteractiveSemanticdbs.textDocument(InteractiveSemanticdbs.scala:63)
	at scala.meta.internal.metals.AggregateSemanticdbs.loop$1(AggregateSemanticdbs.scala:30)
	at scala.meta.internal.metals.AggregateSemanticdbs.textDocument(AggregateSemanticdbs.scala:36)
	at scala.meta.internal.metals.CodeLensProvider.findLenses(CodeLensProvider.scala:22)
	at scala.meta.internal.metals.MetalsLanguageServer.$anonfun$codeLens$2(MetalsLanguageServer.scala:1793)
	at scala.meta.internal.metals.TimerProvider.timedThunk(TimerProvider.scala:25)
	at scala.meta.internal.metals.MetalsLanguageServer.$anonfun$codeLens$1(MetalsLanguageServer.scala:1791)
	at scala.meta.internal.metals.CancelTokens$.$anonfun$apply$2(CancelTokens.scala:26)
	at scala.concurrent.Future$.$anonfun$apply$1(Future.scala:678)
	at scala.concurrent.impl.Promise$Transformation.run(Promise.scala:467)
	at java.util.concurrent.ThreadPoolExecutor.runWorker(ThreadPoolExecutor.java:1136)
	at java.util.concurrent.ThreadPoolExecutor$Worker.run(ThreadPoolExecutor.java:635)
	at java.lang.Thread.run(Thread.java:833)
[0m
2023.01.08 18:34:01 ERROR text document: file:///C:/Users/kenne/Downloads/Programming/Java/Java-Basic-Tutorials/src/school/management/system/Main.javajava.nio.file.InvalidPathException: Illegal char <:> at index 4: file:///C:/Users/kenne/Downloads/Programming/Java/Java-Basic-Tutorials/src/school/management/system/Main.java
	at sun.nio.fs.WindowsPathParser.normalize(WindowsPathParser.java:182)
	at sun.nio.fs.WindowsPathParser.parse(WindowsPathParser.java:153)
	at sun.nio.fs.WindowsPathParser.parse(WindowsPathParser.java:77)
	at sun.nio.fs.WindowsPath.parse(WindowsPath.java:92)
	at sun.nio.fs.WindowsFileSystem.getPath(WindowsFileSystem.java:232)
	at java.nio.file.Path.resolve(Path.java:515)
	at scala.meta.io.AbsolutePath.resolve(AbsolutePath.scala:43)
	at scala.meta.internal.implementation.ImplementationProvider.$anonfun$computeInheritance$2(ImplementationProvider.scala:85)
	at scala.collection.immutable.Vector.foreach(Vector.scala:1895)
	at scala.meta.internal.implementation.ImplementationProvider.$anonfun$computeInheritance$1(ImplementationProvider.scala:79)
	at scala.meta.internal.implementation.ImplementationProvider.$anonfun$computeInheritance$1$adapted(ImplementationProvider.scala:78)
	at scala.collection.immutable.List.foreach(List.scala:333)
	at scala.meta.internal.implementation.ImplementationProvider.computeInheritance(ImplementationProvider.scala:78)
	at scala.meta.internal.implementation.ImplementationProvider.$anonfun$onChange$1(ImplementationProvider.scala:68)
	at java.util.concurrent.ConcurrentHashMap.compute(ConcurrentHashMap.java:1916)
	at scala.meta.internal.implementation.ImplementationProvider.onChange(ImplementationProvider.scala:68)
	at scala.meta.internal.metals.SemanticdbIndexer.$anonfun$onChange$1(SemanticdbIndexer.scala:81)
	at scala.meta.internal.metals.SemanticdbIndexer.$anonfun$onChange$1$adapted(SemanticdbIndexer.scala:81)
	at scala.collection.immutable.List.foreach(List.scala:333)
	at scala.meta.internal.metals.SemanticdbIndexer.onChange(SemanticdbIndexer.scala:81)
	at scala.meta.internal.metals.SemanticdbIndexer.onChange(SemanticdbIndexer.scala:77)
	at scala.meta.internal.metals.InteractiveSemanticdbs.$anonfun$textDocument$1(InteractiveSemanticdbs.scala:96)
	at java.util.HashMap.compute(HashMap.java:1316)
	at java.util.Collections$SynchronizedMap.compute(Collections.java:2770)
	at scala.meta.internal.metals.InteractiveSemanticdbs.textDocument(InteractiveSemanticdbs.scala:89)
	at scala.meta.internal.metals.InteractiveSemanticdbs.textDocument(InteractiveSemanticdbs.scala:63)
	at scala.meta.internal.metals.AggregateSemanticdbs.loop$1(AggregateSemanticdbs.scala:30)
	at scala.meta.internal.metals.AggregateSemanticdbs.textDocument(AggregateSemanticdbs.scala:36)
	at scala.meta.internal.metals.CodeLensProvider.findLenses(CodeLensProvider.scala:22)
	at scala.meta.internal.metals.MetalsLanguageServer.$anonfun$codeLens$2(MetalsLanguageServer.scala:1793)
	at scala.meta.internal.metals.TimerProvider.timedThunk(TimerProvider.scala:25)
	at scala.meta.internal.metals.MetalsLanguageServer.$anonfun$codeLens$1(MetalsLanguageServer.scala:1791)
	at scala.meta.internal.metals.CancelTokens$.$anonfun$apply$2(CancelTokens.scala:26)
	at scala.concurrent.Future$.$anonfun$apply$1(Future.scala:678)
	at scala.concurrent.impl.Promise$Transformation.run(Promise.scala:467)
	at java.util.concurrent.ThreadPoolExecutor.runWorker(ThreadPoolExecutor.java:1136)
	at java.util.concurrent.ThreadPoolExecutor$Worker.run(ThreadPoolExecutor.java:635)
	at java.lang.Thread.run(Thread.java:833)
[0m
2023.01.08 18:34:06 WARN  no build target for: C:\Users\kenne\Downloads\Programming\Java\Java-Basic-Tutorials\src\arlist\ALToA.java[0m
2023.01.08 18:34:07 ERROR text document: file:///C:/Users/kenne/Downloads/Programming/Java/Java-Basic-Tutorials/src/arlist/ALToA.javajava.nio.file.InvalidPathException: Illegal char <:> at index 4: file:///C:/Users/kenne/Downloads/Programming/Java/Java-Basic-Tutorials/src/arlist/ALToA.java
	at sun.nio.fs.WindowsPathParser.normalize(WindowsPathParser.java:182)
	at sun.nio.fs.WindowsPathParser.parse(WindowsPathParser.java:153)
	at sun.nio.fs.WindowsPathParser.parse(WindowsPathParser.java:77)
	at sun.nio.fs.WindowsPath.parse(WindowsPath.java:92)
	at sun.nio.fs.WindowsFileSystem.getPath(WindowsFileSystem.java:232)
	at java.nio.file.Path.resolve(Path.java:515)
	at scala.meta.io.AbsolutePath.resolve(AbsolutePath.scala:43)
	at scala.meta.internal.implementation.ImplementationProvider.$anonfun$computeInheritance$2(ImplementationProvider.scala:85)
	at scala.collection.immutable.Vector.foreach(Vector.scala:1895)
	at scala.meta.internal.implementation.ImplementationProvider.$anonfun$computeInheritance$1(ImplementationProvider.scala:79)
	at scala.meta.internal.implementation.ImplementationProvider.$anonfun$computeInheritance$1$adapted(ImplementationProvider.scala:78)
	at scala.collection.immutable.List.foreach(List.scala:333)
	at scala.meta.internal.implementation.ImplementationProvider.computeInheritance(ImplementationProvider.scala:78)
	at scala.meta.internal.implementation.ImplementationProvider.$anonfun$onChange$1(ImplementationProvider.scala:68)
	at java.util.concurrent.ConcurrentHashMap.compute(ConcurrentHashMap.java:1916)
	at scala.meta.internal.implementation.ImplementationProvider.onChange(ImplementationProvider.scala:68)
	at scala.meta.internal.metals.SemanticdbIndexer.$anonfun$onChange$1(SemanticdbIndexer.scala:81)
	at scala.meta.internal.metals.SemanticdbIndexer.$anonfun$onChange$1$adapted(SemanticdbIndexer.scala:81)
	at scala.collection.immutable.List.foreach(List.scala:333)
	at scala.meta.internal.metals.SemanticdbIndexer.onChange(SemanticdbIndexer.scala:81)
	at scala.meta.internal.metals.SemanticdbIndexer.onChange(SemanticdbIndexer.scala:77)
	at scala.meta.internal.metals.InteractiveSemanticdbs.$anonfun$textDocument$1(InteractiveSemanticdbs.scala:96)
	at java.util.HashMap.compute(HashMap.java:1316)
	at java.util.Collections$SynchronizedMap.compute(Collections.java:2770)
	at scala.meta.internal.metals.InteractiveSemanticdbs.textDocument(InteractiveSemanticdbs.scala:89)
	at scala.meta.internal.metals.InteractiveSemanticdbs.textDocument(InteractiveSemanticdbs.scala:63)
	at scala.meta.internal.metals.AggregateSemanticdbs.loop$1(AggregateSemanticdbs.scala:30)
	at scala.meta.internal.metals.AggregateSemanticdbs.textDocument(AggregateSemanticdbs.scala:36)
	at scala.meta.internal.metals.CodeLensProvider.findLenses(CodeLensProvider.scala:22)
	at scala.meta.internal.metals.MetalsLanguageServer.$anonfun$codeLens$2(MetalsLanguageServer.scala:1793)
	at scala.meta.internal.metals.TimerProvider.timedThunk(TimerProvider.scala:25)
	at scala.meta.internal.metals.MetalsLanguageServer.$anonfun$codeLens$1(MetalsLanguageServer.scala:1791)
	at scala.meta.internal.metals.CancelTokens$.$anonfun$apply$2(CancelTokens.scala:26)
	at scala.concurrent.Future$.$anonfun$apply$1(Future.scala:678)
	at scala.concurrent.impl.Promise$Transformation.run(Promise.scala:467)
	at java.util.concurrent.ThreadPoolExecutor.runWorker(ThreadPoolExecutor.java:1136)
	at java.util.concurrent.ThreadPoolExecutor$Worker.run(ThreadPoolExecutor.java:635)
	at java.lang.Thread.run(Thread.java:833)
[0m
2023.01.08 18:34:07 INFO  time: code lens generation in 1.14s[0m
2023.01.08 18:34:09 ERROR text document: file:///C:/Users/kenne/Downloads/Programming/Java/Java-Basic-Tutorials/src/arlist/ALToA.javajava.nio.file.InvalidPathException: Illegal char <:> at index 4: file:///C:/Users/kenne/Downloads/Programming/Java/Java-Basic-Tutorials/src/arlist/ALToA.java
	at sun.nio.fs.WindowsPathParser.normalize(WindowsPathParser.java:182)
	at sun.nio.fs.WindowsPathParser.parse(WindowsPathParser.java:153)
	at sun.nio.fs.WindowsPathParser.parse(WindowsPathParser.java:77)
	at sun.nio.fs.WindowsPath.parse(WindowsPath.java:92)
	at sun.nio.fs.WindowsFileSystem.getPath(WindowsFileSystem.java:232)
	at java.nio.file.Path.resolve(Path.java:515)
	at scala.meta.io.AbsolutePath.resolve(AbsolutePath.scala:43)
	at scala.meta.internal.implementation.ImplementationProvider.$anonfun$computeInheritance$2(ImplementationProvider.scala:85)
	at scala.collection.immutable.Vector.foreach(Vector.scala:1895)
	at scala.meta.internal.implementation.ImplementationProvider.$anonfun$computeInheritance$1(ImplementationProvider.scala:79)
	at scala.meta.internal.implementation.ImplementationProvider.$anonfun$computeInheritance$1$adapted(ImplementationProvider.scala:78)
	at scala.collection.immutable.List.foreach(List.scala:333)
	at scala.meta.internal.implementation.ImplementationProvider.computeInheritance(ImplementationProvider.scala:78)
	at scala.meta.internal.implementation.ImplementationProvider.$anonfun$onChange$1(ImplementationProvider.scala:68)
	at java.util.concurrent.ConcurrentHashMap.compute(ConcurrentHashMap.java:1916)
	at scala.meta.internal.implementation.ImplementationProvider.onChange(ImplementationProvider.scala:68)
	at scala.meta.internal.metals.SemanticdbIndexer.$anonfun$onChange$1(SemanticdbIndexer.scala:81)
	at scala.meta.internal.metals.SemanticdbIndexer.$anonfun$onChange$1$adapted(SemanticdbIndexer.scala:81)
	at scala.collection.immutable.List.foreach(List.scala:333)
	at scala.meta.internal.metals.SemanticdbIndexer.onChange(SemanticdbIndexer.scala:81)
	at scala.meta.internal.metals.SemanticdbIndexer.onChange(SemanticdbIndexer.scala:77)
	at scala.meta.internal.metals.InteractiveSemanticdbs.$anonfun$textDocument$1(InteractiveSemanticdbs.scala:96)
	at java.util.HashMap.compute(HashMap.java:1316)
	at java.util.Collections$SynchronizedMap.compute(Collections.java:2770)
	at scala.meta.internal.metals.InteractiveSemanticdbs.textDocument(InteractiveSemanticdbs.scala:89)
	at scala.meta.internal.metals.InteractiveSemanticdbs.textDocument(InteractiveSemanticdbs.scala:63)
	at scala.meta.internal.metals.AggregateSemanticdbs.loop$1(AggregateSemanticdbs.scala:30)
	at scala.meta.internal.metals.AggregateSemanticdbs.textDocument(AggregateSemanticdbs.scala:36)
	at scala.meta.internal.metals.JavaDocumentHighlightProvider.documentHighlight(JavaDocumentHighlightProvider.scala:19)
	at scala.meta.internal.metals.MetalsLanguageServer.$anonfun$documentHighlights$1(MetalsLanguageServer.scala:1577)
	at scala.meta.internal.metals.CancelTokens$.$anonfun$apply$2(CancelTokens.scala:26)
	at scala.concurrent.Future$.$anonfun$apply$1(Future.scala:678)
	at scala.concurrent.impl.Promise$Transformation.run(Promise.scala:467)
	at java.util.concurrent.ThreadPoolExecutor.runWorker(ThreadPoolExecutor.java:1136)
	at java.util.concurrent.ThreadPoolExecutor$Worker.run(ThreadPoolExecutor.java:635)
	at java.lang.Thread.run(Thread.java:833)
[0m
2023.01.08 18:34:11 WARN  no build target for: C:\Users\kenne\Downloads\Programming\Java\Java-Basic-Tutorials\src\arlist\ALToA.java[0m
2023.01.08 18:34:11 ERROR text document: file:///C:/Users/kenne/Downloads/Programming/Java/Java-Basic-Tutorials/src/arlist/ALToA.javajava.nio.file.InvalidPathException: Illegal char <:> at index 4: file:///C:/Users/kenne/Downloads/Programming/Java/Java-Basic-Tutorials/src/arlist/ALToA.java
	at sun.nio.fs.WindowsPathParser.normalize(WindowsPathParser.java:182)
	at sun.nio.fs.WindowsPathParser.parse(WindowsPathParser.java:153)
	at sun.nio.fs.WindowsPathParser.parse(WindowsPathParser.java:77)
	at sun.nio.fs.WindowsPath.parse(WindowsPath.java:92)
	at sun.nio.fs.WindowsFileSystem.getPath(WindowsFileSystem.java:232)
	at java.nio.file.Path.resolve(Path.java:515)
	at scala.meta.io.AbsolutePath.resolve(AbsolutePath.scala:43)
	at scala.meta.internal.implementation.ImplementationProvider.$anonfun$computeInheritance$2(ImplementationProvider.scala:85)
	at scala.collection.immutable.Vector.foreach(Vector.scala:1895)
	at scala.meta.internal.implementation.ImplementationProvider.$anonfun$computeInheritance$1(ImplementationProvider.scala:79)
	at scala.meta.internal.implementation.ImplementationProvider.$anonfun$computeInheritance$1$adapted(ImplementationProvider.scala:78)
	at scala.collection.immutable.List.foreach(List.scala:333)
	at scala.meta.internal.implementation.ImplementationProvider.computeInheritance(ImplementationProvider.scala:78)
	at scala.meta.internal.implementation.ImplementationProvider.$anonfun$onChange$1(ImplementationProvider.scala:68)
	at java.util.concurrent.ConcurrentHashMap.compute(ConcurrentHashMap.java:1916)
	at scala.meta.internal.implementation.ImplementationProvider.onChange(ImplementationProvider.scala:68)
	at scala.meta.internal.metals.SemanticdbIndexer.$anonfun$onChange$1(SemanticdbIndexer.scala:81)
	at scala.meta.internal.metals.SemanticdbIndexer.$anonfun$onChange$1$adapted(SemanticdbIndexer.scala:81)
	at scala.collection.immutable.List.foreach(List.scala:333)
	at scala.meta.internal.metals.SemanticdbIndexer.onChange(SemanticdbIndexer.scala:81)
	at scala.meta.internal.metals.SemanticdbIndexer.onChange(SemanticdbIndexer.scala:77)
	at scala.meta.internal.metals.InteractiveSemanticdbs.$anonfun$textDocument$1(InteractiveSemanticdbs.scala:96)
	at java.util.HashMap.compute(HashMap.java:1316)
	at java.util.Collections$SynchronizedMap.compute(Collections.java:2770)
	at scala.meta.internal.metals.InteractiveSemanticdbs.textDocument(InteractiveSemanticdbs.scala:89)
	at scala.meta.internal.metals.InteractiveSemanticdbs.textDocument(InteractiveSemanticdbs.scala:63)
	at scala.meta.internal.metals.AggregateSemanticdbs.loop$1(AggregateSemanticdbs.scala:30)
	at scala.meta.internal.metals.AggregateSemanticdbs.textDocument(AggregateSemanticdbs.scala:36)
	at scala.meta.internal.metals.CodeLensProvider.findLenses(CodeLensProvider.scala:22)
	at scala.meta.internal.metals.MetalsLanguageServer.$anonfun$codeLens$2(MetalsLanguageServer.scala:1793)
	at scala.meta.internal.metals.TimerProvider.timedThunk(TimerProvider.scala:25)
	at scala.meta.internal.metals.MetalsLanguageServer.$anonfun$codeLens$1(MetalsLanguageServer.scala:1791)
	at scala.meta.internal.metals.CancelTokens$.$anonfun$apply$2(CancelTokens.scala:26)
	at scala.concurrent.Future$.$anonfun$apply$1(Future.scala:678)
	at scala.concurrent.impl.Promise$Transformation.run(Promise.scala:467)
	at java.util.concurrent.ThreadPoolExecutor.runWorker(ThreadPoolExecutor.java:1136)
	at java.util.concurrent.ThreadPoolExecutor$Worker.run(ThreadPoolExecutor.java:635)
	at java.lang.Thread.run(Thread.java:833)
[0m
2023.01.08 18:34:12 WARN  no build target for: C:\Users\kenne\Downloads\Programming\Java\Java-Basic-Tutorials\src\arlist\Main.java[0m
2023.01.08 18:34:13 ERROR text document: file:///C:/Users/kenne/Downloads/Programming/Java/Java-Basic-Tutorials/src/arlist/Main.javajava.nio.file.InvalidPathException: Illegal char <:> at index 4: file:///C:/Users/kenne/Downloads/Programming/Java/Java-Basic-Tutorials/src/arlist/Main.java
	at sun.nio.fs.WindowsPathParser.normalize(WindowsPathParser.java:182)
	at sun.nio.fs.WindowsPathParser.parse(WindowsPathParser.java:153)
	at sun.nio.fs.WindowsPathParser.parse(WindowsPathParser.java:77)
	at sun.nio.fs.WindowsPath.parse(WindowsPath.java:92)
	at sun.nio.fs.WindowsFileSystem.getPath(WindowsFileSystem.java:232)
	at java.nio.file.Path.resolve(Path.java:515)
	at scala.meta.io.AbsolutePath.resolve(AbsolutePath.scala:43)
	at scala.meta.internal.implementation.ImplementationProvider.$anonfun$computeInheritance$2(ImplementationProvider.scala:85)
	at scala.collection.immutable.Vector.foreach(Vector.scala:1895)
	at scala.meta.internal.implementation.ImplementationProvider.$anonfun$computeInheritance$1(ImplementationProvider.scala:79)
	at scala.meta.internal.implementation.ImplementationProvider.$anonfun$computeInheritance$1$adapted(ImplementationProvider.scala:78)
	at scala.collection.immutable.List.foreach(List.scala:333)
	at scala.meta.internal.implementation.ImplementationProvider.computeInheritance(ImplementationProvider.scala:78)
	at scala.meta.internal.implementation.ImplementationProvider.$anonfun$onChange$1(ImplementationProvider.scala:68)
	at java.util.concurrent.ConcurrentHashMap.compute(ConcurrentHashMap.java:1916)
	at scala.meta.internal.implementation.ImplementationProvider.onChange(ImplementationProvider.scala:68)
	at scala.meta.internal.metals.SemanticdbIndexer.$anonfun$onChange$1(SemanticdbIndexer.scala:81)
	at scala.meta.internal.metals.SemanticdbIndexer.$anonfun$onChange$1$adapted(SemanticdbIndexer.scala:81)
	at scala.collection.immutable.List.foreach(List.scala:333)
	at scala.meta.internal.metals.SemanticdbIndexer.onChange(SemanticdbIndexer.scala:81)
	at scala.meta.internal.metals.SemanticdbIndexer.onChange(SemanticdbIndexer.scala:77)
	at scala.meta.internal.metals.InteractiveSemanticdbs.$anonfun$textDocument$1(InteractiveSemanticdbs.scala:96)
	at java.util.HashMap.compute(HashMap.java:1316)
	at java.util.Collections$SynchronizedMap.compute(Collections.java:2770)
	at scala.meta.internal.metals.InteractiveSemanticdbs.textDocument(InteractiveSemanticdbs.scala:89)
	at scala.meta.internal.metals.InteractiveSemanticdbs.textDocument(InteractiveSemanticdbs.scala:63)
	at scala.meta.internal.metals.AggregateSemanticdbs.loop$1(AggregateSemanticdbs.scala:30)
	at scala.meta.internal.metals.AggregateSemanticdbs.textDocument(AggregateSemanticdbs.scala:36)
	at scala.meta.internal.metals.CodeLensProvider.findLenses(CodeLensProvider.scala:22)
	at scala.meta.internal.metals.MetalsLanguageServer.$anonfun$codeLens$2(MetalsLanguageServer.scala:1793)
	at scala.meta.internal.metals.TimerProvider.timedThunk(TimerProvider.scala:25)
	at scala.meta.internal.metals.MetalsLanguageServer.$anonfun$codeLens$1(MetalsLanguageServer.scala:1791)
	at scala.meta.internal.metals.CancelTokens$.$anonfun$apply$2(CancelTokens.scala:26)
	at scala.concurrent.Future$.$anonfun$apply$1(Future.scala:678)
	at scala.concurrent.impl.Promise$Transformation.run(Promise.scala:467)
	at java.util.concurrent.ThreadPoolExecutor.runWorker(ThreadPoolExecutor.java:1136)
	at java.util.concurrent.ThreadPoolExecutor$Worker.run(ThreadPoolExecutor.java:635)
	at java.lang.Thread.run(Thread.java:833)
[0m
2023.01.08 18:34:13 INFO  time: code lens generation in 1.19s[0m
2023.01.08 18:34:26 ERROR text document: file:///C:/Users/kenne/Downloads/Programming/Java/Java-Basic-Tutorials/src/school/management/system/Main.javajava.nio.file.InvalidPathException: Illegal char <:> at index 4: file:///C:/Users/kenne/Downloads/Programming/Java/Java-Basic-Tutorials/src/school/management/system/Main.java
	at sun.nio.fs.WindowsPathParser.normalize(WindowsPathParser.java:182)
	at sun.nio.fs.WindowsPathParser.parse(WindowsPathParser.java:153)
	at sun.nio.fs.WindowsPathParser.parse(WindowsPathParser.java:77)
	at sun.nio.fs.WindowsPath.parse(WindowsPath.java:92)
	at sun.nio.fs.WindowsFileSystem.getPath(WindowsFileSystem.java:232)
	at java.nio.file.Path.resolve(Path.java:515)
	at scala.meta.io.AbsolutePath.resolve(AbsolutePath.scala:43)
	at scala.meta.internal.implementation.ImplementationProvider.$anonfun$computeInheritance$2(ImplementationProvider.scala:85)
	at scala.collection.immutable.Vector.foreach(Vector.scala:1895)
	at scala.meta.internal.implementation.ImplementationProvider.$anonfun$computeInheritance$1(ImplementationProvider.scala:79)
	at scala.meta.internal.implementation.ImplementationProvider.$anonfun$computeInheritance$1$adapted(ImplementationProvider.scala:78)
	at scala.collection.immutable.List.foreach(List.scala:333)
	at scala.meta.internal.implementation.ImplementationProvider.computeInheritance(ImplementationProvider.scala:78)
	at scala.meta.internal.implementation.ImplementationProvider.$anonfun$onChange$1(ImplementationProvider.scala:68)
	at java.util.concurrent.ConcurrentHashMap.compute(ConcurrentHashMap.java:1916)
	at scala.meta.internal.implementation.ImplementationProvider.onChange(ImplementationProvider.scala:68)
	at scala.meta.internal.metals.SemanticdbIndexer.$anonfun$onChange$1(SemanticdbIndexer.scala:81)
	at scala.meta.internal.metals.SemanticdbIndexer.$anonfun$onChange$1$adapted(SemanticdbIndexer.scala:81)
	at scala.collection.immutable.List.foreach(List.scala:333)
	at scala.meta.internal.metals.SemanticdbIndexer.onChange(SemanticdbIndexer.scala:81)
	at scala.meta.internal.metals.SemanticdbIndexer.onChange(SemanticdbIndexer.scala:77)
	at scala.meta.internal.metals.InteractiveSemanticdbs.$anonfun$textDocument$1(InteractiveSemanticdbs.scala:96)
	at java.util.HashMap.compute(HashMap.java:1316)
	at java.util.Collections$SynchronizedMap.compute(Collections.java:2770)
	at scala.meta.internal.metals.InteractiveSemanticdbs.textDocument(InteractiveSemanticdbs.scala:89)
	at scala.meta.internal.metals.InteractiveSemanticdbs.textDocument(InteractiveSemanticdbs.scala:63)
	at scala.meta.internal.metals.AggregateSemanticdbs.loop$1(AggregateSemanticdbs.scala:30)
	at scala.meta.internal.metals.AggregateSemanticdbs.textDocument(AggregateSemanticdbs.scala:36)
	at scala.meta.internal.metals.CodeLensProvider.findLenses(CodeLensProvider.scala:22)
	at scala.meta.internal.metals.MetalsLanguageServer.$anonfun$codeLens$2(MetalsLanguageServer.scala:1793)
	at scala.meta.internal.metals.TimerProvider.timedThunk(TimerProvider.scala:25)
	at scala.meta.internal.metals.MetalsLanguageServer.$anonfun$codeLens$1(MetalsLanguageServer.scala:1791)
	at scala.meta.internal.metals.CancelTokens$.$anonfun$apply$2(CancelTokens.scala:26)
	at scala.concurrent.Future$.$anonfun$apply$1(Future.scala:678)
	at scala.concurrent.impl.Promise$Transformation.run(Promise.scala:467)
	at java.util.concurrent.ThreadPoolExecutor.runWorker(ThreadPoolExecutor.java:1136)
	at java.util.concurrent.ThreadPoolExecutor$Worker.run(ThreadPoolExecutor.java:635)
	at java.lang.Thread.run(Thread.java:833)
[0m
2023.01.08 18:34:26 WARN  no build target for: C:\Users\kenne\Downloads\Programming\Java\Java-Basic-Tutorials\src\school\management\system\Main.java[0m
2023.01.08 18:34:58 ERROR text document: file:///C:/Users/kenne/Downloads/Programming/Java/Java-Basic-Tutorials/src/school/management/system/Main.javajava.nio.file.InvalidPathException: Illegal char <:> at index 4: file:///C:/Users/kenne/Downloads/Programming/Java/Java-Basic-Tutorials/src/school/management/system/Main.java
	at sun.nio.fs.WindowsPathParser.normalize(WindowsPathParser.java:182)
	at sun.nio.fs.WindowsPathParser.parse(WindowsPathParser.java:153)
	at sun.nio.fs.WindowsPathParser.parse(WindowsPathParser.java:77)
	at sun.nio.fs.WindowsPath.parse(WindowsPath.java:92)
	at sun.nio.fs.WindowsFileSystem.getPath(WindowsFileSystem.java:232)
	at java.nio.file.Path.resolve(Path.java:515)
	at scala.meta.io.AbsolutePath.resolve(AbsolutePath.scala:43)
	at scala.meta.internal.implementation.ImplementationProvider.$anonfun$computeInheritance$2(ImplementationProvider.scala:85)
	at scala.collection.immutable.Vector.foreach(Vector.scala:1895)
	at scala.meta.internal.implementation.ImplementationProvider.$anonfun$computeInheritance$1(ImplementationProvider.scala:79)
	at scala.meta.internal.implementation.ImplementationProvider.$anonfun$computeInheritance$1$adapted(ImplementationProvider.scala:78)
	at scala.collection.immutable.List.foreach(List.scala:333)
	at scala.meta.internal.implementation.ImplementationProvider.computeInheritance(ImplementationProvider.scala:78)
	at scala.meta.internal.implementation.ImplementationProvider.$anonfun$onChange$1(ImplementationProvider.scala:68)
	at java.util.concurrent.ConcurrentHashMap.compute(ConcurrentHashMap.java:1916)
	at scala.meta.internal.implementation.ImplementationProvider.onChange(ImplementationProvider.scala:68)
	at scala.meta.internal.metals.SemanticdbIndexer.$anonfun$onChange$1(SemanticdbIndexer.scala:81)
	at scala.meta.internal.metals.SemanticdbIndexer.$anonfun$onChange$1$adapted(SemanticdbIndexer.scala:81)
	at scala.collection.immutable.List.foreach(List.scala:333)
	at scala.meta.internal.metals.SemanticdbIndexer.onChange(SemanticdbIndexer.scala:81)
	at scala.meta.internal.metals.SemanticdbIndexer.onChange(SemanticdbIndexer.scala:77)
	at scala.meta.internal.metals.InteractiveSemanticdbs.$anonfun$textDocument$1(InteractiveSemanticdbs.scala:96)
	at java.util.HashMap.compute(HashMap.java:1316)
	at java.util.Collections$SynchronizedMap.compute(Collections.java:2770)
	at scala.meta.internal.metals.InteractiveSemanticdbs.textDocument(InteractiveSemanticdbs.scala:89)
	at scala.meta.internal.metals.InteractiveSemanticdbs.textDocument(InteractiveSemanticdbs.scala:63)
	at scala.meta.internal.metals.AggregateSemanticdbs.loop$1(AggregateSemanticdbs.scala:30)
	at scala.meta.internal.metals.AggregateSemanticdbs.textDocument(AggregateSemanticdbs.scala:36)
	at scala.meta.internal.metals.CodeLensProvider.findLenses(CodeLensProvider.scala:22)
	at scala.meta.internal.metals.MetalsLanguageServer.$anonfun$codeLens$2(MetalsLanguageServer.scala:1793)
	at scala.meta.internal.metals.TimerProvider.timedThunk(TimerProvider.scala:25)
	at scala.meta.internal.metals.MetalsLanguageServer.$anonfun$codeLens$1(MetalsLanguageServer.scala:1791)
	at scala.meta.internal.metals.CancelTokens$.$anonfun$apply$2(CancelTokens.scala:26)
	at scala.concurrent.Future$.$anonfun$apply$1(Future.scala:678)
	at scala.concurrent.impl.Promise$Transformation.run(Promise.scala:467)
	at java.util.concurrent.ThreadPoolExecutor.runWorker(ThreadPoolExecutor.java:1136)
	at java.util.concurrent.ThreadPoolExecutor$Worker.run(ThreadPoolExecutor.java:635)
	at java.lang.Thread.run(Thread.java:833)
[0m
2023.01.08 18:35:03 ERROR text document: file:///C:/Users/kenne/Downloads/Programming/Java/Java-Basic-Tutorials/src/school/management/system/Main.javajava.nio.file.InvalidPathException: Illegal char <:> at index 4: file:///C:/Users/kenne/Downloads/Programming/Java/Java-Basic-Tutorials/src/school/management/system/Main.java
	at sun.nio.fs.WindowsPathParser.normalize(WindowsPathParser.java:182)
	at sun.nio.fs.WindowsPathParser.parse(WindowsPathParser.java:153)
	at sun.nio.fs.WindowsPathParser.parse(WindowsPathParser.java:77)
	at sun.nio.fs.WindowsPath.parse(WindowsPath.java:92)
	at sun.nio.fs.WindowsFileSystem.getPath(WindowsFileSystem.java:232)
	at java.nio.file.Path.resolve(Path.java:515)
	at scala.meta.io.AbsolutePath.resolve(AbsolutePath.scala:43)
	at scala.meta.internal.implementation.ImplementationProvider.$anonfun$computeInheritance$2(ImplementationProvider.scala:85)
	at scala.collection.immutable.Vector.foreach(Vector.scala:1895)
	at scala.meta.internal.implementation.ImplementationProvider.$anonfun$computeInheritance$1(ImplementationProvider.scala:79)
	at scala.meta.internal.implementation.ImplementationProvider.$anonfun$computeInheritance$1$adapted(ImplementationProvider.scala:78)
	at scala.collection.immutable.List.foreach(List.scala:333)
	at scala.meta.internal.implementation.ImplementationProvider.computeInheritance(ImplementationProvider.scala:78)
	at scala.meta.internal.implementation.ImplementationProvider.$anonfun$onChange$1(ImplementationProvider.scala:68)
	at java.util.concurrent.ConcurrentHashMap.compute(ConcurrentHashMap.java:1916)
	at scala.meta.internal.implementation.ImplementationProvider.onChange(ImplementationProvider.scala:68)
	at scala.meta.internal.metals.SemanticdbIndexer.$anonfun$onChange$1(SemanticdbIndexer.scala:81)
	at scala.meta.internal.metals.SemanticdbIndexer.$anonfun$onChange$1$adapted(SemanticdbIndexer.scala:81)
	at scala.collection.immutable.List.foreach(List.scala:333)
	at scala.meta.internal.metals.SemanticdbIndexer.onChange(SemanticdbIndexer.scala:81)
	at scala.meta.internal.metals.SemanticdbIndexer.onChange(SemanticdbIndexer.scala:77)
	at scala.meta.internal.metals.InteractiveSemanticdbs.$anonfun$textDocument$1(InteractiveSemanticdbs.scala:96)
	at java.util.HashMap.compute(HashMap.java:1316)
	at java.util.Collections$SynchronizedMap.compute(Collections.java:2770)
	at scala.meta.internal.metals.InteractiveSemanticdbs.textDocument(InteractiveSemanticdbs.scala:89)
	at scala.meta.internal.metals.InteractiveSemanticdbs.textDocument(InteractiveSemanticdbs.scala:63)
	at scala.meta.internal.metals.AggregateSemanticdbs.loop$1(AggregateSemanticdbs.scala:30)
	at scala.meta.internal.metals.AggregateSemanticdbs.textDocument(AggregateSemanticdbs.scala:36)
	at scala.meta.internal.metals.CodeLensProvider.findLenses(CodeLensProvider.scala:22)
	at scala.meta.internal.metals.MetalsLanguageServer.$anonfun$codeLens$2(MetalsLanguageServer.scala:1793)
	at scala.meta.internal.metals.TimerProvider.timedThunk(TimerProvider.scala:25)
	at scala.meta.internal.metals.MetalsLanguageServer.$anonfun$codeLens$1(MetalsLanguageServer.scala:1791)
	at scala.meta.internal.metals.CancelTokens$.$anonfun$apply$2(CancelTokens.scala:26)
	at scala.concurrent.Future$.$anonfun$apply$1(Future.scala:678)
	at scala.concurrent.impl.Promise$Transformation.run(Promise.scala:467)
	at java.util.concurrent.ThreadPoolExecutor.runWorker(ThreadPoolExecutor.java:1136)
	at java.util.concurrent.ThreadPoolExecutor$Worker.run(ThreadPoolExecutor.java:635)
	at java.lang.Thread.run(Thread.java:833)
[0m
2023.01.08 18:35:08 ERROR text document: file:///C:/Users/kenne/Downloads/Programming/Java/Java-Basic-Tutorials/src/school/management/system/Main.javajava.nio.file.InvalidPathException: Illegal char <:> at index 4: file:///C:/Users/kenne/Downloads/Programming/Java/Java-Basic-Tutorials/src/school/management/system/Main.java
	at sun.nio.fs.WindowsPathParser.normalize(WindowsPathParser.java:182)
	at sun.nio.fs.WindowsPathParser.parse(WindowsPathParser.java:153)
	at sun.nio.fs.WindowsPathParser.parse(WindowsPathParser.java:77)
	at sun.nio.fs.WindowsPath.parse(WindowsPath.java:92)
	at sun.nio.fs.WindowsFileSystem.getPath(WindowsFileSystem.java:232)
	at java.nio.file.Path.resolve(Path.java:515)
	at scala.meta.io.AbsolutePath.resolve(AbsolutePath.scala:43)
	at scala.meta.internal.implementation.ImplementationProvider.$anonfun$computeInheritance$2(ImplementationProvider.scala:85)
	at scala.collection.immutable.Vector.foreach(Vector.scala:1895)
	at scala.meta.internal.implementation.ImplementationProvider.$anonfun$computeInheritance$1(ImplementationProvider.scala:79)
	at scala.meta.internal.implementation.ImplementationProvider.$anonfun$computeInheritance$1$adapted(ImplementationProvider.scala:78)
	at scala.collection.immutable.List.foreach(List.scala:333)
	at scala.meta.internal.implementation.ImplementationProvider.computeInheritance(ImplementationProvider.scala:78)
	at scala.meta.internal.implementation.ImplementationProvider.$anonfun$onChange$1(ImplementationProvider.scala:68)
	at java.util.concurrent.ConcurrentHashMap.compute(ConcurrentHashMap.java:1916)
	at scala.meta.internal.implementation.ImplementationProvider.onChange(ImplementationProvider.scala:68)
	at scala.meta.internal.metals.SemanticdbIndexer.$anonfun$onChange$1(SemanticdbIndexer.scala:81)
	at scala.meta.internal.metals.SemanticdbIndexer.$anonfun$onChange$1$adapted(SemanticdbIndexer.scala:81)
	at scala.collection.immutable.List.foreach(List.scala:333)
	at scala.meta.internal.metals.SemanticdbIndexer.onChange(SemanticdbIndexer.scala:81)
	at scala.meta.internal.metals.SemanticdbIndexer.onChange(SemanticdbIndexer.scala:77)
	at scala.meta.internal.metals.InteractiveSemanticdbs.$anonfun$textDocument$1(InteractiveSemanticdbs.scala:96)
	at java.util.HashMap.compute(HashMap.java:1316)
	at java.util.Collections$SynchronizedMap.compute(Collections.java:2770)
	at scala.meta.internal.metals.InteractiveSemanticdbs.textDocument(InteractiveSemanticdbs.scala:89)
	at scala.meta.internal.metals.InteractiveSemanticdbs.textDocument(InteractiveSemanticdbs.scala:63)
	at scala.meta.internal.metals.AggregateSemanticdbs.loop$1(AggregateSemanticdbs.scala:30)
	at scala.meta.internal.metals.AggregateSemanticdbs.textDocument(AggregateSemanticdbs.scala:36)
	at scala.meta.internal.metals.CodeLensProvider.findLenses(CodeLensProvider.scala:22)
	at scala.meta.internal.metals.MetalsLanguageServer.$anonfun$codeLens$2(MetalsLanguageServer.scala:1793)
	at scala.meta.internal.metals.TimerProvider.timedThunk(TimerProvider.scala:25)
	at scala.meta.internal.metals.MetalsLanguageServer.$anonfun$codeLens$1(MetalsLanguageServer.scala:1791)
	at scala.meta.internal.metals.CancelTokens$.$anonfun$apply$2(CancelTokens.scala:26)
	at scala.concurrent.Future$.$anonfun$apply$1(Future.scala:678)
	at scala.concurrent.impl.Promise$Transformation.run(Promise.scala:467)
	at java.util.concurrent.ThreadPoolExecutor.runWorker(ThreadPoolExecutor.java:1136)
	at java.util.concurrent.ThreadPoolExecutor$Worker.run(ThreadPoolExecutor.java:635)
	at java.lang.Thread.run(Thread.java:833)
[0m
2023.01.08 18:35:11 ERROR text document: file:///C:/Users/kenne/Downloads/Programming/Java/Java-Basic-Tutorials/src/school/management/system/Main.javajava.nio.file.InvalidPathException: Illegal char <:> at index 4: file:///C:/Users/kenne/Downloads/Programming/Java/Java-Basic-Tutorials/src/school/management/system/Main.java
	at sun.nio.fs.WindowsPathParser.normalize(WindowsPathParser.java:182)
	at sun.nio.fs.WindowsPathParser.parse(WindowsPathParser.java:153)
	at sun.nio.fs.WindowsPathParser.parse(WindowsPathParser.java:77)
	at sun.nio.fs.WindowsPath.parse(WindowsPath.java:92)
	at sun.nio.fs.WindowsFileSystem.getPath(WindowsFileSystem.java:232)
	at java.nio.file.Path.resolve(Path.java:515)
	at scala.meta.io.AbsolutePath.resolve(AbsolutePath.scala:43)
	at scala.meta.internal.implementation.ImplementationProvider.$anonfun$computeInheritance$2(ImplementationProvider.scala:85)
	at scala.collection.immutable.Vector.foreach(Vector.scala:1895)
	at scala.meta.internal.implementation.ImplementationProvider.$anonfun$computeInheritance$1(ImplementationProvider.scala:79)
	at scala.meta.internal.implementation.ImplementationProvider.$anonfun$computeInheritance$1$adapted(ImplementationProvider.scala:78)
	at scala.collection.immutable.List.foreach(List.scala:333)
	at scala.meta.internal.implementation.ImplementationProvider.computeInheritance(ImplementationProvider.scala:78)
	at scala.meta.internal.implementation.ImplementationProvider.$anonfun$onChange$1(ImplementationProvider.scala:68)
	at java.util.concurrent.ConcurrentHashMap.compute(ConcurrentHashMap.java:1916)
	at scala.meta.internal.implementation.ImplementationProvider.onChange(ImplementationProvider.scala:68)
	at scala.meta.internal.metals.SemanticdbIndexer.$anonfun$onChange$1(SemanticdbIndexer.scala:81)
	at scala.meta.internal.metals.SemanticdbIndexer.$anonfun$onChange$1$adapted(SemanticdbIndexer.scala:81)
	at scala.collection.immutable.List.foreach(List.scala:333)
	at scala.meta.internal.metals.SemanticdbIndexer.onChange(SemanticdbIndexer.scala:81)
	at scala.meta.internal.metals.SemanticdbIndexer.onChange(SemanticdbIndexer.scala:77)
	at scala.meta.internal.metals.InteractiveSemanticdbs.$anonfun$textDocument$1(InteractiveSemanticdbs.scala:96)
	at java.util.HashMap.compute(HashMap.java:1316)
	at java.util.Collections$SynchronizedMap.compute(Collections.java:2770)
	at scala.meta.internal.metals.InteractiveSemanticdbs.textDocument(InteractiveSemanticdbs.scala:89)
	at scala.meta.internal.metals.InteractiveSemanticdbs.textDocument(InteractiveSemanticdbs.scala:63)
	at scala.meta.internal.metals.AggregateSemanticdbs.loop$1(AggregateSemanticdbs.scala:30)
	at scala.meta.internal.metals.AggregateSemanticdbs.textDocument(AggregateSemanticdbs.scala:36)
	at scala.meta.internal.metals.CodeLensProvider.findLenses(CodeLensProvider.scala:22)
	at scala.meta.internal.metals.MetalsLanguageServer.$anonfun$codeLens$2(MetalsLanguageServer.scala:1793)
	at scala.meta.internal.metals.TimerProvider.timedThunk(TimerProvider.scala:25)
	at scala.meta.internal.metals.MetalsLanguageServer.$anonfun$codeLens$1(MetalsLanguageServer.scala:1791)
	at scala.meta.internal.metals.CancelTokens$.$anonfun$apply$2(CancelTokens.scala:26)
	at scala.concurrent.Future$.$anonfun$apply$1(Future.scala:678)
	at scala.concurrent.impl.Promise$Transformation.run(Promise.scala:467)
	at java.util.concurrent.ThreadPoolExecutor.runWorker(ThreadPoolExecutor.java:1136)
	at java.util.concurrent.ThreadPoolExecutor$Worker.run(ThreadPoolExecutor.java:635)
	at java.lang.Thread.run(Thread.java:833)
[0m
Jan 08, 2023 6:35:24 PM org.eclipse.lsp4j.jsonrpc.services.GenericEndpoint notify
INFO: Unsupported notification method: $/setTrace
2023.01.08 18:35:33 INFO  shutting down Metals[0m
2023.01.08 18:35:39 INFO  tracing is disabled for protocol LSP, to enable tracing of incoming and outgoing JSON messages create an empty file at c:\Users\kenne\Downloads\Programming\Java\Java-Basic-Tutorials\.metals\lsp.trace.json or C:\Users\kenne\AppData\Local\scalameta\metals\cache\lsp.trace.json[0m
2023.01.08 18:35:40 INFO  logging to file C:\Users\kenne\Downloads\Programming\Java\Java-Basic-Tutorials\.metals\metals.log[0m
2023.01.08 18:35:40 INFO  Started: Metals version 0.11.10 in workspace 'C:\Users\kenne\Downloads\Programming\Java\Java-Basic-Tutorials' for client Visual Studio Code 1.74.2.[0m
SLF4J: No SLF4J providers were found.
SLF4J: Defaulting to no-operation (NOP) logger implementation
SLF4J: See https://www.slf4j.org/codes.html#noProviders for further details.
SLF4J: Class path contains SLF4J bindings targeting slf4j-api versions 1.7.x or earlier.
SLF4J: Ignoring binding found at [jar:file:/C:/Users/kenne/AppData/Local/Coursier/cache/v1/https/repo1.maven.org/maven2/com/outr/scribe-slf4j_2.13/3.10.5/scribe-slf4j_2.13-3.10.5.jar!/org/slf4j/impl/StaticLoggerBinder.class]
SLF4J: See https://www.slf4j.org/codes.html#ignoredBindings for an explanation.
2023.01.08 18:35:41 INFO  time: initialize in 0.98s[0m
2023.01.08 18:35:42 WARN  Build server is not auto-connectable.[0m
2023.01.08 18:35:42 WARN  no build tool detected in workspace 'C:\Users\kenne\Downloads\Programming\Java\Java-Basic-Tutorials'. The most common cause for this problem is that the editor was opened in the wrong working directory, for example if you use sbt then the workspace directory should contain build.sbt. [0m
2023.01.08 18:35:42 WARN  no build target for: C:\Users\kenne\Downloads\Programming\Java\Java-Basic-Tutorials\src\school\management\system\Main.java[0m
2023.01.08 18:35:43 ERROR text document: file:///C:/Users/kenne/Downloads/Programming/Java/Java-Basic-Tutorials/src/school/management/system/Main.javajava.nio.file.InvalidPathException: Illegal char <:> at index 4: file:///C:/Users/kenne/Downloads/Programming/Java/Java-Basic-Tutorials/src/school/management/system/Main.java
	at sun.nio.fs.WindowsPathParser.normalize(WindowsPathParser.java:182)
	at sun.nio.fs.WindowsPathParser.parse(WindowsPathParser.java:153)
	at sun.nio.fs.WindowsPathParser.parse(WindowsPathParser.java:77)
	at sun.nio.fs.WindowsPath.parse(WindowsPath.java:92)
	at sun.nio.fs.WindowsFileSystem.getPath(WindowsFileSystem.java:232)
	at java.nio.file.Path.resolve(Path.java:515)
	at scala.meta.io.AbsolutePath.resolve(AbsolutePath.scala:43)
	at scala.meta.internal.implementation.ImplementationProvider.$anonfun$computeInheritance$2(ImplementationProvider.scala:85)
	at scala.collection.immutable.Vector.foreach(Vector.scala:1895)
	at scala.meta.internal.implementation.ImplementationProvider.$anonfun$computeInheritance$1(ImplementationProvider.scala:79)
	at scala.meta.internal.implementation.ImplementationProvider.$anonfun$computeInheritance$1$adapted(ImplementationProvider.scala:78)
	at scala.collection.immutable.List.foreach(List.scala:333)
	at scala.meta.internal.implementation.ImplementationProvider.computeInheritance(ImplementationProvider.scala:78)
	at scala.meta.internal.implementation.ImplementationProvider.$anonfun$onChange$1(ImplementationProvider.scala:68)
	at java.util.concurrent.ConcurrentHashMap.compute(ConcurrentHashMap.java:1916)
	at scala.meta.internal.implementation.ImplementationProvider.onChange(ImplementationProvider.scala:68)
	at scala.meta.internal.metals.SemanticdbIndexer.$anonfun$onChange$1(SemanticdbIndexer.scala:81)
	at scala.meta.internal.metals.SemanticdbIndexer.$anonfun$onChange$1$adapted(SemanticdbIndexer.scala:81)
	at scala.collection.immutable.List.foreach(List.scala:333)
	at scala.meta.internal.metals.SemanticdbIndexer.onChange(SemanticdbIndexer.scala:81)
	at scala.meta.internal.metals.SemanticdbIndexer.onChange(SemanticdbIndexer.scala:77)
	at scala.meta.internal.metals.InteractiveSemanticdbs.$anonfun$textDocument$1(InteractiveSemanticdbs.scala:96)
	at java.util.HashMap.compute(HashMap.java:1316)
	at java.util.Collections$SynchronizedMap.compute(Collections.java:2770)
	at scala.meta.internal.metals.InteractiveSemanticdbs.textDocument(InteractiveSemanticdbs.scala:89)
	at scala.meta.internal.metals.InteractiveSemanticdbs.textDocument(InteractiveSemanticdbs.scala:63)
	at scala.meta.internal.metals.AggregateSemanticdbs.loop$1(AggregateSemanticdbs.scala:30)
	at scala.meta.internal.metals.AggregateSemanticdbs.textDocument(AggregateSemanticdbs.scala:36)
	at scala.meta.internal.metals.CodeLensProvider.findLenses(CodeLensProvider.scala:22)
	at scala.meta.internal.metals.MetalsLanguageServer.$anonfun$codeLens$2(MetalsLanguageServer.scala:1793)
	at scala.meta.internal.metals.TimerProvider.timedThunk(TimerProvider.scala:25)
	at scala.meta.internal.metals.MetalsLanguageServer.$anonfun$codeLens$1(MetalsLanguageServer.scala:1791)
	at scala.meta.internal.metals.CancelTokens$.$anonfun$apply$2(CancelTokens.scala:26)
	at scala.concurrent.Future$.$anonfun$apply$1(Future.scala:678)
	at scala.concurrent.impl.Promise$Transformation.run(Promise.scala:467)
	at java.util.concurrent.ThreadPoolExecutor.runWorker(ThreadPoolExecutor.java:1136)
	at java.util.concurrent.ThreadPoolExecutor$Worker.run(ThreadPoolExecutor.java:635)
	at java.lang.Thread.run(Thread.java:833)
[0m
2023.01.08 18:35:43 INFO  time: code lens generation in 1.28s[0m
Jan 08, 2023 6:36:42 PM org.eclipse.lsp4j.jsonrpc.services.GenericEndpoint notify
INFO: Unsupported notification method: $/setTrace
Jan 08, 2023 6:36:44 PM org.eclipse.lsp4j.jsonrpc.services.GenericEndpoint notify
INFO: Unsupported notification method: $/setTrace
2023.01.08 18:36:59 INFO  shutting down Metals[0m
